mode: set
subscription/cmd/web/helpers.go:3.43,6.2 2 0
subscription/cmd/web/middleware.go:5.64,7.2 1 1
subscription/cmd/web/middleware.go:9.57,10.71 1 1
subscription/cmd/web/middleware.go:10.71,11.49 1 0
subscription/cmd/web/middleware.go:16.3,16.23 1 0
subscription/cmd/web/middleware.go:11.49,15.4 3 0
subscription/cmd/web/signer.go:15.21,17.2 1 0
subscription/cmd/web/signer.go:20.50,24.33 3 0
subscription/cmd/web/signer.go:30.2,33.14 3 0
subscription/cmd/web/signer.go:24.33,26.3 1 0
subscription/cmd/web/signer.go:26.8,28.3 1 0
subscription/cmd/web/signer.go:37.37,41.16 3 0
subscription/cmd/web/signer.go:47.2,47.13 1 0
subscription/cmd/web/signer.go:41.16,45.3 1 0
subscription/cmd/web/signer.go:52.57,58.2 3 0
subscription/cmd/web/handlers.go:16.69,18.2 1 1
subscription/cmd/web/handlers.go:20.70,22.2 1 1
subscription/cmd/web/handlers.go:24.74,30.16 3 1
subscription/cmd/web/handlers.go:35.2,39.16 4 1
subscription/cmd/web/handlers.go:46.2,47.16 2 1
subscription/cmd/web/handlers.go:53.2,53.20 1 0
subscription/cmd/web/handlers.go:66.2,72.47 4 0
subscription/cmd/web/handlers.go:30.16,32.3 1 0
subscription/cmd/web/handlers.go:39.16,43.3 3 0
subscription/cmd/web/handlers.go:47.16,51.3 3 1
subscription/cmd/web/handlers.go:53.20,63.3 5 0
subscription/cmd/web/handlers.go:75.67,81.2 3 0
subscription/cmd/web/handlers.go:83.73,85.2 1 0
subscription/cmd/web/handlers.go:87.77,89.16 2 0
subscription/cmd/web/handlers.go:96.2,106.16 3 0
subscription/cmd/web/handlers.go:112.2,126.52 7 0
subscription/cmd/web/handlers.go:89.16,91.3 1 0
subscription/cmd/web/handlers.go:106.16,109.3 2 0
subscription/cmd/web/handlers.go:130.75,136.11 4 0
subscription/cmd/web/handlers.go:143.2,144.16 2 0
subscription/cmd/web/handlers.go:150.2,152.16 3 0
subscription/cmd/web/handlers.go:158.2,159.52 2 0
subscription/cmd/web/handlers.go:136.11,140.3 3 0
subscription/cmd/web/handlers.go:144.16,148.3 3 0
subscription/cmd/web/handlers.go:152.16,156.3 3 0
subscription/cmd/web/handlers.go:165.76,169.16 3 0
subscription/cmd/web/handlers.go:174.2,175.16 2 0
subscription/cmd/web/handlers.go:182.2,183.9 2 0
subscription/cmd/web/handlers.go:190.2,191.12 2 0
subscription/cmd/web/handlers.go:209.2,210.12 2 0
subscription/cmd/web/handlers.go:236.2,237.16 2 0
subscription/cmd/web/handlers.go:242.2,243.16 2 0
subscription/cmd/web/handlers.go:249.2,252.60 3 0
subscription/cmd/web/handlers.go:169.16,171.3 1 0
subscription/cmd/web/handlers.go:175.16,179.3 3 0
subscription/cmd/web/handlers.go:183.9,187.3 3 0
subscription/cmd/web/handlers.go:191.12,195.17 3 0
subscription/cmd/web/handlers.go:200.3,206.21 2 0
subscription/cmd/web/handlers.go:195.17,198.4 1 0
subscription/cmd/web/handlers.go:210.12,215.17 4 0
subscription/cmd/web/handlers.go:220.3,232.51 3 0
subscription/cmd/web/handlers.go:215.17,218.4 2 0
subscription/cmd/web/handlers.go:237.16,241.3 3 0
subscription/cmd/web/handlers.go:243.16,247.3 3 0
subscription/cmd/web/handlers.go:255.78,277.2 14 0
subscription/cmd/web/handlers.go:279.77,281.2 1 0
subscription/cmd/web/handlers.go:283.78,286.16 2 0
subscription/cmd/web/handlers.go:291.2,296.4 3 0
subscription/cmd/web/handlers.go:286.16,289.3 2 0
subscription/cmd/web/mailer.go:41.36,42.6 1 0
subscription/cmd/web/mailer.go:42.6,43.10 1 0
subscription/cmd/web/mailer.go:44.39,45.53 1 0
subscription/cmd/web/mailer.go:46.38,47.29 1 0
subscription/cmd/web/mailer.go:48.30,49.10 1 0
subscription/cmd/web/mailer.go:54.60,57.24 2 0
subscription/cmd/web/mailer.go:61.2,61.20 1 0
subscription/cmd/web/mailer.go:65.2,65.24 1 0
subscription/cmd/web/mailer.go:69.2,69.30 1 0
subscription/cmd/web/mailer.go:77.2,77.27 1 0
subscription/cmd/web/mailer.go:81.2,85.16 3 0
subscription/cmd/web/mailer.go:90.2,91.16 2 0
subscription/cmd/web/mailer.go:95.2,106.16 11 0
subscription/cmd/web/mailer.go:110.2,115.30 5 0
subscription/cmd/web/mailer.go:121.2,121.32 1 0
subscription/cmd/web/mailer.go:127.2,128.16 2 0
subscription/cmd/web/mailer.go:57.24,59.3 1 0
subscription/cmd/web/mailer.go:61.20,63.3 1 0
subscription/cmd/web/mailer.go:65.24,67.3 1 0
subscription/cmd/web/mailer.go:69.30,71.3 1 0
subscription/cmd/web/mailer.go:77.27,79.3 1 0
subscription/cmd/web/mailer.go:85.16,87.3 1 0
subscription/cmd/web/mailer.go:91.16,93.3 1 0
subscription/cmd/web/mailer.go:106.16,108.3 1 0
subscription/cmd/web/mailer.go:115.30,116.37 1 0
subscription/cmd/web/mailer.go:116.37,118.4 1 0
subscription/cmd/web/mailer.go:121.32,122.45 1 0
subscription/cmd/web/mailer.go:122.45,124.4 1 0
subscription/cmd/web/mailer.go:128.16,130.3 1 0
subscription/cmd/web/mailer.go:133.62,137.16 3 0
subscription/cmd/web/mailer.go:141.2,142.68 2 0
subscription/cmd/web/mailer.go:146.2,148.16 3 0
subscription/cmd/web/mailer.go:152.2,152.30 1 0
subscription/cmd/web/mailer.go:137.16,139.3 1 0
subscription/cmd/web/mailer.go:142.68,144.3 1 0
subscription/cmd/web/mailer.go:148.16,150.3 1 0
subscription/cmd/web/mailer.go:155.67,159.16 3 0
subscription/cmd/web/mailer.go:163.2,164.68 2 0
subscription/cmd/web/mailer.go:168.2,170.26 2 0
subscription/cmd/web/mailer.go:159.16,161.3 1 0
subscription/cmd/web/mailer.go:164.68,166.3 1 0
subscription/cmd/web/mailer.go:173.52,181.16 3 0
subscription/cmd/web/mailer.go:185.2,186.16 2 0
subscription/cmd/web/mailer.go:190.2,190.18 1 0
subscription/cmd/web/mailer.go:181.16,183.3 1 0
subscription/cmd/web/mailer.go:186.16,188.3 1 0
subscription/cmd/web/mailer.go:193.56,194.11 1 0
subscription/cmd/web/mailer.go:195.13,196.33 1 0
subscription/cmd/web/mailer.go:197.13,198.31 1 0
subscription/cmd/web/mailer.go:199.14,200.29 1 0
subscription/cmd/web/mailer.go:201.10,202.33 1 0
subscription/cmd/web/main.go:26.13,67.2 11 0
subscription/cmd/web/main.go:69.38,70.6 1 0
subscription/cmd/web/main.go:70.6,71.10 1 0
subscription/cmd/web/main.go:72.31,73.29 1 0
subscription/cmd/web/main.go:74.28,75.10 1 0
subscription/cmd/web/main.go:80.28,89.16 4 0
subscription/cmd/web/main.go:89.16,91.3 1 0
subscription/cmd/web/main.go:94.23,96.17 2 0
subscription/cmd/web/main.go:99.2,99.13 1 0
subscription/cmd/web/main.go:96.17,98.3 1 0
subscription/cmd/web/main.go:102.28,106.15 3 0
subscription/cmd/web/main.go:110.2,110.6 1 0
subscription/cmd/web/main.go:106.15,108.3 1 0
subscription/cmd/web/main.go:110.6,112.17 2 0
subscription/cmd/web/main.go:119.3,119.18 1 0
subscription/cmd/web/main.go:123.3,126.11 4 0
subscription/cmd/web/main.go:112.17,115.4 2 0
subscription/cmd/web/main.go:115.9,118.4 2 0
subscription/cmd/web/main.go:119.18,121.4 1 0
subscription/cmd/web/main.go:130.42,132.16 2 0
subscription/cmd/web/main.go:135.2,136.16 2 0
subscription/cmd/web/main.go:139.2,139.16 1 0
subscription/cmd/web/main.go:132.16,134.3 1 0
subscription/cmd/web/main.go:136.16,138.3 1 0
subscription/cmd/web/main.go:142.40,154.2 8 0
subscription/cmd/web/main.go:156.30,159.36 1 0
subscription/cmd/web/main.go:163.2,163.18 1 0
subscription/cmd/web/main.go:159.36,161.4 1 0
subscription/cmd/web/main.go:166.40,172.2 5 0
subscription/cmd/web/main.go:174.31,189.2 10 0
subscription/cmd/web/main.go:191.38,210.2 5 0
subscription/cmd/web/render.go:26.95,38.29 4 1
subscription/cmd/web/render.go:42.2,42.15 1 1
subscription/cmd/web/render.go:46.2,47.16 2 1
subscription/cmd/web/render.go:52.2,52.67 1 1
subscription/cmd/web/render.go:38.29,40.3 1 1
subscription/cmd/web/render.go:42.15,44.3 1 1
subscription/cmd/web/render.go:47.16,51.3 3 0
subscription/cmd/web/render.go:52.67,56.3 3 0
subscription/cmd/web/render.go:60.84,64.28 4 1
subscription/cmd/web/render.go:73.2,75.11 2 1
subscription/cmd/web/render.go:64.28,67.10 3 1
subscription/cmd/web/render.go:67.10,69.4 1 0
subscription/cmd/web/render.go:69.9,71.4 1 1
subscription/cmd/web/render.go:78.58,80.2 1 1
subscription/cmd/web/routes.go:10.42,30.2 12 1
subscription/cmd/web/routes.go:32.46,40.2 5 1
